<?xml version="1.0" encoding="UTF-8"?>
<!-- Generated by org.testng.reporters.JUnitReportReporter -->
<testsuite hostname="HENDADERBALI" failures="0" tests="1" name="testCases.FileUoloadDemo2" time="8.867" errors="0" timestamp="13 Nov 2022 12:30:20 GMT">
  <testcase classname="testCases.FileUoloadDemo2" name="robotTest" time="8.867"/>
</testsuite> <!-- testCases.FileUoloadDemo2 -->
